DATE	2018-04-21 02:42:21.746885	MESSAGE	карты	DISTANSE	0
DATE	2018-04-21 02:44:13.306254	MESSAGE	карты	DISTANSE	0
DATE	2018-04-21 02:44:28.659909	MESSAGE	карты	DISTANSE	0
DATE	2018-04-21 02:45:56.165384	MESSAGE	фыв	DISTANSE	1024
DATE	2018-04-21 03:06:54.426813	MESSAGE	карты	DISTANSE	0
DATE	2018-04-21 03:08:57.932383	MESSAGE	карты	DISTANSE	0
DATE	2018-04-21 03:10:57.215766	MESSAGE	карты	DISTANSE	0
DATE	2018-04-21 03:11:22.525176	MESSAGE	фъ	DISTANSE	1024
DATE	2018-04-21 03:15:47.427085	MESSAGE	лошргп	DISTANSE	1024
DATE	2018-04-21 03:16:07.661673	MESSAGE	карты	DISTANSE	0
DATE	2018-04-21 03:17:07.948046	MESSAGE	карты	DISTANSE	0
DATE	2018-04-21 03:18:58.627885	MESSAGE	карты	DISTANSE	0
DATE	2018-04-21 03:27:36.005270	MESSAGE	карты	DISTANSE	0
DATE	2018-04-21 03:33:28.234713	MESSAGE	карты	DISTANSE	0
DATE	2018-04-21 03:34:44.280224	MESSAGE	карты	DISTANSE	0
DATE	2018-04-21 03:34:57.692133	MESSAGE	карты	DISTANSE	0
DATE	2018-04-21 03:36:16.340008	MESSAGE	карты	DISTANSE	0
DATE	2018-04-21 03:36:37.234678	MESSAGE	карты	DISTANSE	0
DATE	2018-04-21 03:39:51.125257	MESSAGE	карты	DISTANSE	0
DATE	2018-04-21 03:40:04.180225	MESSAGE	карты	DISTANSE	0
DATE	2018-04-21 03:41:04.121584	MESSAGE	карты	DISTANSE	0
DATE	2018-04-21 03:43:06.207592	MESSAGE	карты	DISTANSE	0
DATE	2018-04-21 03:47:46.775345	MESSAGE	карты	DISTANSE	0
DATE	2018-04-21 03:48:48.216715	MESSAGE	лоупклоук	DISTANSE	1024
DATE	2018-04-21 04:33:46.294063	MESSAGE	erwhrjtr	DISTANSE	1024
DATE	2018-04-21 04:49:58.998540	MESSAGE	вапро	DISTANSE	1024
DATE	2018-04-21 04:50:07.608691	MESSAGE	карты	DISTANSE	0
DATE	2018-04-21 04:50:54.323419	MESSAGE	пополнить баланс на 100500 р	DISTANSE	2
DATE	2018-04-21 04:51:05.444500	MESSAGE	авыф	DISTANSE	1024
DATE	2018-04-21 04:51:34.307160	MESSAGE	апа	DISTANSE	1024
DATE	2018-04-21 04:51:40.965125	MESSAGE	карты	DISTANSE	0
DATE	2018-04-21 04:52:13.985698	MESSAGE	карты	DISTANSE	0
DATE	2018-04-21 04:52:23.687643	MESSAGE	список карт	DISTANSE	0
DATE	2018-04-21 04:52:32.720789	MESSAGE	услуги	DISTANSE	1024
DATE	2018-04-21 04:53:08.698039	MESSAGE	подключить смс уведомления	DISTANSE	0
DATE	2018-04-21 05:26:51.467347	MESSAGE	карты	DISTANSE	0
DATE	2018-04-21 05:28:16.038138	MESSAGE	пополнить баланс на 100 руб	DISTANSE	0
DATE	2018-04-21 05:29:23.530675	MESSAGE	сосать	DISTANSE	1024
DATE	2018-04-21 05:30:42.997845	MESSAGE	подключить смс уведомления	DISTANSE	0
DATE	2018-04-21 05:30:54.054491	MESSAGE	отключить смс уведомления	DISTANSE	0
DATE	2018-04-21 05:32:54.420351	MESSAGE	крке	DISTANSE	3
DATE	2018-04-21 05:33:00.216046	MESSAGE	витя пидор	DISTANSE	1024
DATE	2018-04-21 05:33:18.037800	MESSAGE	подключить автопополнение	DISTANSE	0
DATE	2018-04-21 05:35:47.228999	MESSAGE	команды	DISTANSE	1024
DATE	2018-04-21 05:38:32.695719	MESSAGE	подключить автопополнение	DISTANSE	0
DATE	2018-04-21 05:58:13.611036	MESSAGE	покажи ебаные карты	DISTANSE	1024
DATE	2018-04-21 05:58:18.338957	MESSAGE	карты	DISTANSE	0
DATE	2018-04-21 05:58:28.535171	MESSAGE	покажи карты	DISTANSE	1024
DATE	2018-04-21 05:58:37.579062	MESSAGE	покажи список карт	DISTANSE	1024
DATE	2018-04-21 05:58:46.463890	MESSAGE	список карты	DISTANSE	1
DATE	2018-04-21 05:59:03.407793	MESSAGE	пополни баланс на витя пидр 100500 рублей	DISTANSE	1024
DATE	2018-04-21 05:59:15.651385	MESSAGE	пополни баланс на 1050 р	DISTANSE	1024
DATE	2018-04-21 05:59:38.095708	MESSAGE	пополни счет на витя пир 100 руб	DISTANSE	1024
DATE	2018-04-21 05:59:47.896436	MESSAGE	пополни счет на 100 р	DISTANSE	1024
DATE	2018-04-21 06:00:06.011945	MESSAGE	пополни счёт на витя пидр 100 р	DISTANSE	1024
DATE	2018-04-21 06:00:21.687798	MESSAGE	пополни счёт на 100 руб	DISTANSE	2
DATE	2018-04-21 06:01:06.544533	MESSAGE	п	DISTANSE	1024
DATE	2018-04-21 06:01:20.653311	MESSAGE	пополнить счёт на витя 100 руб	DISTANSE	1024
DATE	2018-04-21 06:02:00.329119	MESSAGE	пополни счёт на 100 р	DISTANSE	1024
DATE	2018-04-21 06:02:14.242833	MESSAGE	пополни счёт на 100 руб	DISTANSE	2
DATE	2018-04-21 06:02:31.937397	MESSAGE	п	DISTANSE	1024
DATE	2018-04-21 06:02:58.469207	MESSAGE	показать счета	DISTANSE	0
DATE	2018-04-21 06:03:36.772005	MESSAGE	показать список карт	DISTANSE	0
DATE	2018-04-21 06:03:41.015153	MESSAGE	а	DISTANSE	1024
DATE	2018-04-21 06:04:58.179650	MESSAGE	подключить смс уведомления	DISTANSE	0
DATE	2018-04-21 06:05:48.855148	MESSAGE	картgsdfdggdfdfgы	DISTANSE	1024
DATE	2018-04-21 06:08:30.445989	MESSAGE	справка	DISTANSE	1024
DATE	2018-04-21 06:08:37.113930	MESSAGE	карты	DISTANSE	0
DATE	2018-04-21 06:08:49.293515	MESSAGE	пополнить счёт на 100 руб	DISTANSE	0
DATE	2018-04-21 06:09:00.870487	MESSAGE	показать счета	DISTANSE	0
DATE	2018-04-21 07:09:15.676940	MESSAGE	ааа	DISTANSE	1024
DATE	2018-04-21 07:09:23.040573	MESSAGE	карты	DISTANSE	0
DATE	2018-04-21 07:55:56.857902	MESSAGE	арара	DISTANSE	1024
DATE	2018-04-21 07:57:09.567304	MESSAGE	вввв	DISTANSE	1024
DATE	2018-04-21 07:57:13.952192	MESSAGE	карты	DISTANSE	0
DATE	2018-04-21 08:07:12.402295	MESSAGE	карты	DISTANSE	0
DATE	2018-04-21 08:07:35.526502	MESSAGE	пополнить счёт на 100 руб	DISTANSE	0
DATE	2018-04-21 08:07:53.372296	MESSAGE	оруклопре	DISTANSE	1024
DATE	2018-04-21 08:08:18.551112	MESSAGE	подключить смс уведомления	DISTANSE	0
DATE	2018-04-21 08:43:59.586125	MESSAGE	гори в аду	DISTANSE	1024
DATE	2018-04-21 08:44:16.958131	MESSAGE	пополнить счёт на 100 р	DISTANSE	2
DATE	2018-04-21 08:44:29.079068	MESSAGE	пополни счёт на 100 р	DISTANSE	1024
DATE	2018-04-21 08:44:41.045422	MESSAGE	пополнить счёт на 100 рублей	DISTANSE	0
